0 info it worked if it ends with ok
1 verbose cli [ 'node', '/usr/local/bin/npm', 'install' ]
2 info using npm@1.4.28
3 info using node@v0.10.33
4 warn package.json fixit-app@1.0.0 No repository field.
5 verbose readDependencies using package.json deps
6 verbose install where, deps [ '/Users/antoinelefebvre/GitHub/fixit/modules/fixit-app',
6 verbose install   [ 'gulp',
6 verbose install     'gulp-sass',
6 verbose install     'gulp-concat',
6 verbose install     'gulp-minify-css',
6 verbose install     'gulp-rename',
6 verbose install     'bower',
6 verbose install     'gulp-util',
6 verbose install     'shelljs' ] ]
7 info preinstall fixit-app@1.0.0
8 verbose readDependencies using package.json deps
9 verbose cache add [ 'gulp@^3.5.6', null ]
10 verbose cache add name=undefined spec="gulp@^3.5.6" args=["gulp@^3.5.6",null]
11 verbose parsed url { protocol: null,
11 verbose parsed url   slashes: null,
11 verbose parsed url   auth: null,
11 verbose parsed url   host: null,
11 verbose parsed url   port: null,
11 verbose parsed url   hostname: null,
11 verbose parsed url   hash: null,
11 verbose parsed url   search: null,
11 verbose parsed url   query: null,
11 verbose parsed url   pathname: 'gulp@^3.5.6',
11 verbose parsed url   path: 'gulp@^3.5.6',
11 verbose parsed url   href: 'gulp@^3.5.6' }
12 verbose cache add [ 'gulp-sass@^0.7.1', null ]
13 verbose cache add name=undefined spec="gulp-sass@^0.7.1" args=["gulp-sass@^0.7.1",null]
14 verbose parsed url { protocol: null,
14 verbose parsed url   slashes: null,
14 verbose parsed url   auth: null,
14 verbose parsed url   host: null,
14 verbose parsed url   port: null,
14 verbose parsed url   hostname: null,
14 verbose parsed url   hash: null,
14 verbose parsed url   search: null,
14 verbose parsed url   query: null,
14 verbose parsed url   pathname: 'gulp-sass@^0.7.1',
14 verbose parsed url   path: 'gulp-sass@^0.7.1',
14 verbose parsed url   href: 'gulp-sass@^0.7.1' }
15 verbose cache add [ 'gulp-concat@^2.2.0', null ]
16 verbose cache add name=undefined spec="gulp-concat@^2.2.0" args=["gulp-concat@^2.2.0",null]
17 verbose parsed url { protocol: null,
17 verbose parsed url   slashes: null,
17 verbose parsed url   auth: null,
17 verbose parsed url   host: null,
17 verbose parsed url   port: null,
17 verbose parsed url   hostname: null,
17 verbose parsed url   hash: null,
17 verbose parsed url   search: null,
17 verbose parsed url   query: null,
17 verbose parsed url   pathname: 'gulp-concat@^2.2.0',
17 verbose parsed url   path: 'gulp-concat@^2.2.0',
17 verbose parsed url   href: 'gulp-concat@^2.2.0' }
18 verbose cache add name="gulp" spec="^3.5.6" args=["gulp","^3.5.6"]
19 verbose parsed url { protocol: null,
19 verbose parsed url   slashes: null,
19 verbose parsed url   auth: null,
19 verbose parsed url   host: null,
19 verbose parsed url   port: null,
19 verbose parsed url   hostname: null,
19 verbose parsed url   hash: null,
19 verbose parsed url   search: null,
19 verbose parsed url   query: null,
19 verbose parsed url   pathname: '^3.5.6',
19 verbose parsed url   path: '^3.5.6',
19 verbose parsed url   href: '^3.5.6' }
20 verbose addNamed [ 'gulp', '^3.5.6' ]
21 verbose addNamed [ null, '>=3.5.6-0 <4.0.0-0' ]
22 verbose cache add name="gulp-sass" spec="^0.7.1" args=["gulp-sass","^0.7.1"]
23 verbose parsed url { protocol: null,
23 verbose parsed url   slashes: null,
23 verbose parsed url   auth: null,
23 verbose parsed url   host: null,
23 verbose parsed url   port: null,
23 verbose parsed url   hostname: null,
23 verbose parsed url   hash: null,
23 verbose parsed url   search: null,
23 verbose parsed url   query: null,
23 verbose parsed url   pathname: '^0.7.1',
23 verbose parsed url   path: '^0.7.1',
23 verbose parsed url   href: '^0.7.1' }
24 verbose addNamed [ 'gulp-sass', '^0.7.1' ]
25 verbose addNamed [ null, '>=0.7.1-0 <0.8.0-0' ]
26 verbose cache add [ 'gulp-minify-css@^0.3.0', null ]
27 verbose cache add name=undefined spec="gulp-minify-css@^0.3.0" args=["gulp-minify-css@^0.3.0",null]
28 verbose parsed url { protocol: null,
28 verbose parsed url   slashes: null,
28 verbose parsed url   auth: null,
28 verbose parsed url   host: null,
28 verbose parsed url   port: null,
28 verbose parsed url   hostname: null,
28 verbose parsed url   hash: null,
28 verbose parsed url   search: null,
28 verbose parsed url   query: null,
28 verbose parsed url   pathname: 'gulp-minify-css@^0.3.0',
28 verbose parsed url   path: 'gulp-minify-css@^0.3.0',
28 verbose parsed url   href: 'gulp-minify-css@^0.3.0' }
29 verbose cache add name="gulp-concat" spec="^2.2.0" args=["gulp-concat","^2.2.0"]
30 verbose parsed url { protocol: null,
30 verbose parsed url   slashes: null,
30 verbose parsed url   auth: null,
30 verbose parsed url   host: null,
30 verbose parsed url   port: null,
30 verbose parsed url   hostname: null,
30 verbose parsed url   hash: null,
30 verbose parsed url   search: null,
30 verbose parsed url   query: null,
30 verbose parsed url   pathname: '^2.2.0',
30 verbose parsed url   path: '^2.2.0',
30 verbose parsed url   href: '^2.2.0' }
31 verbose addNamed [ 'gulp-concat', '^2.2.0' ]
32 verbose addNamed [ null, '>=2.2.0-0 <3.0.0-0' ]
33 silly lockFile 28ac0b1b-gulp-3-5-6 gulp@^3.5.6
34 verbose lock gulp@^3.5.6 /Users/antoinelefebvre/.npm/28ac0b1b-gulp-3-5-6.lock
35 silly lockFile 77100620-gulp-sass-0-7-1 gulp-sass@^0.7.1
36 verbose lock gulp-sass@^0.7.1 /Users/antoinelefebvre/.npm/77100620-gulp-sass-0-7-1.lock
37 silly lockFile bade1119-gulp-concat-2-2-0 gulp-concat@^2.2.0
38 verbose lock gulp-concat@^2.2.0 /Users/antoinelefebvre/.npm/bade1119-gulp-concat-2-2-0.lock
39 verbose cache add [ 'gulp-rename@^1.2.0', null ]
40 verbose cache add name=undefined spec="gulp-rename@^1.2.0" args=["gulp-rename@^1.2.0",null]
41 verbose parsed url { protocol: null,
41 verbose parsed url   slashes: null,
41 verbose parsed url   auth: null,
41 verbose parsed url   host: null,
41 verbose parsed url   port: null,
41 verbose parsed url   hostname: null,
41 verbose parsed url   hash: null,
41 verbose parsed url   search: null,
41 verbose parsed url   query: null,
41 verbose parsed url   pathname: 'gulp-rename@^1.2.0',
41 verbose parsed url   path: 'gulp-rename@^1.2.0',
41 verbose parsed url   href: 'gulp-rename@^1.2.0' }
42 verbose cache add name="gulp-minify-css" spec="^0.3.0" args=["gulp-minify-css","^0.3.0"]
43 verbose parsed url { protocol: null,
43 verbose parsed url   slashes: null,
43 verbose parsed url   auth: null,
43 verbose parsed url   host: null,
43 verbose parsed url   port: null,
43 verbose parsed url   hostname: null,
43 verbose parsed url   hash: null,
43 verbose parsed url   search: null,
43 verbose parsed url   query: null,
43 verbose parsed url   pathname: '^0.3.0',
43 verbose parsed url   path: '^0.3.0',
43 verbose parsed url   href: '^0.3.0' }
44 verbose addNamed [ 'gulp-minify-css', '^0.3.0' ]
45 verbose addNamed [ null, '>=0.3.0-0 <0.4.0-0' ]
46 silly lockFile 97140670-gulp-minify-css-0-3-0 gulp-minify-css@^0.3.0
47 verbose lock gulp-minify-css@^0.3.0 /Users/antoinelefebvre/.npm/97140670-gulp-minify-css-0-3-0.lock
48 verbose cache add [ 'bower@^1.3.3', null ]
49 verbose cache add name=undefined spec="bower@^1.3.3" args=["bower@^1.3.3",null]
50 verbose parsed url { protocol: null,
50 verbose parsed url   slashes: null,
50 verbose parsed url   auth: null,
50 verbose parsed url   host: null,
50 verbose parsed url   port: null,
50 verbose parsed url   hostname: null,
50 verbose parsed url   hash: null,
50 verbose parsed url   search: null,
50 verbose parsed url   query: null,
50 verbose parsed url   pathname: 'bower@^1.3.3',
50 verbose parsed url   path: 'bower@^1.3.3',
50 verbose parsed url   href: 'bower@^1.3.3' }
51 verbose cache add name="gulp-rename" spec="^1.2.0" args=["gulp-rename","^1.2.0"]
52 verbose parsed url { protocol: null,
52 verbose parsed url   slashes: null,
52 verbose parsed url   auth: null,
52 verbose parsed url   host: null,
52 verbose parsed url   port: null,
52 verbose parsed url   hostname: null,
52 verbose parsed url   hash: null,
52 verbose parsed url   search: null,
52 verbose parsed url   query: null,
52 verbose parsed url   pathname: '^1.2.0',
52 verbose parsed url   path: '^1.2.0',
52 verbose parsed url   href: '^1.2.0' }
53 verbose addNamed [ 'gulp-rename', '^1.2.0' ]
54 verbose addNamed [ null, '>=1.2.0-0 <2.0.0-0' ]
55 silly lockFile 31cef36d-gulp-rename-1-2-0 gulp-rename@^1.2.0
56 verbose lock gulp-rename@^1.2.0 /Users/antoinelefebvre/.npm/31cef36d-gulp-rename-1-2-0.lock
57 silly addNameRange { name: 'gulp', range: '>=3.5.6-0 <4.0.0-0', hasData: false }
58 silly addNameRange { name: 'gulp-sass',
58 silly addNameRange   range: '>=0.7.1-0 <0.8.0-0',
58 silly addNameRange   hasData: false }
59 verbose cache add [ 'gulp-util@^2.2.14', null ]
60 verbose cache add name=undefined spec="gulp-util@^2.2.14" args=["gulp-util@^2.2.14",null]
61 verbose parsed url { protocol: null,
61 verbose parsed url   slashes: null,
61 verbose parsed url   auth: null,
61 verbose parsed url   host: null,
61 verbose parsed url   port: null,
61 verbose parsed url   hostname: null,
61 verbose parsed url   hash: null,
61 verbose parsed url   search: null,
61 verbose parsed url   query: null,
61 verbose parsed url   pathname: 'gulp-util@^2.2.14',
61 verbose parsed url   path: 'gulp-util@^2.2.14',
61 verbose parsed url   href: 'gulp-util@^2.2.14' }
62 verbose cache add [ 'shelljs@^0.3.0', null ]
63 verbose cache add name=undefined spec="shelljs@^0.3.0" args=["shelljs@^0.3.0",null]
64 verbose parsed url { protocol: null,
64 verbose parsed url   slashes: null,
64 verbose parsed url   auth: null,
64 verbose parsed url   host: null,
64 verbose parsed url   port: null,
64 verbose parsed url   hostname: null,
64 verbose parsed url   hash: null,
64 verbose parsed url   search: null,
64 verbose parsed url   query: null,
64 verbose parsed url   pathname: 'shelljs@^0.3.0',
64 verbose parsed url   path: 'shelljs@^0.3.0',
64 verbose parsed url   href: 'shelljs@^0.3.0' }
65 verbose cache add name="bower" spec="^1.3.3" args=["bower","^1.3.3"]
66 verbose parsed url { protocol: null,
66 verbose parsed url   slashes: null,
66 verbose parsed url   auth: null,
66 verbose parsed url   host: null,
66 verbose parsed url   port: null,
66 verbose parsed url   hostname: null,
66 verbose parsed url   hash: null,
66 verbose parsed url   search: null,
66 verbose parsed url   query: null,
66 verbose parsed url   pathname: '^1.3.3',
66 verbose parsed url   path: '^1.3.3',
66 verbose parsed url   href: '^1.3.3' }
67 verbose addNamed [ 'bower', '^1.3.3' ]
68 verbose addNamed [ null, '>=1.3.3-0 <2.0.0-0' ]
69 silly lockFile 0aa5c27e-bower-1-3-3 bower@^1.3.3
70 verbose lock bower@^1.3.3 /Users/antoinelefebvre/.npm/0aa5c27e-bower-1-3-3.lock
71 silly addNameRange { name: 'gulp-concat',
71 silly addNameRange   range: '>=2.2.0-0 <3.0.0-0',
71 silly addNameRange   hasData: false }
72 verbose request where is /gulp
73 verbose request registry https://registry.npmjs.org/
74 verbose request id 7bec0c56e8910a72
75 verbose url raw /gulp
76 verbose url resolving [ 'https://registry.npmjs.org/', './gulp' ]
77 verbose url resolved https://registry.npmjs.org/gulp
78 verbose request where is https://registry.npmjs.org/gulp
79 info trying registry request attempt 1 at 17:20:56
80 http GET https://registry.npmjs.org/gulp
81 verbose request where is /gulp-sass
82 verbose request registry https://registry.npmjs.org/
83 verbose url raw /gulp-sass
84 verbose url resolving [ 'https://registry.npmjs.org/', './gulp-sass' ]
85 verbose url resolved https://registry.npmjs.org/gulp-sass
86 verbose request where is https://registry.npmjs.org/gulp-sass
87 info trying registry request attempt 1 at 17:20:56
88 http GET https://registry.npmjs.org/gulp-sass
89 silly addNameRange { name: 'gulp-minify-css',
89 silly addNameRange   range: '>=0.3.0-0 <0.4.0-0',
89 silly addNameRange   hasData: false }
90 verbose cache add name="gulp-util" spec="^2.2.14" args=["gulp-util","^2.2.14"]
91 verbose parsed url { protocol: null,
91 verbose parsed url   slashes: null,
91 verbose parsed url   auth: null,
91 verbose parsed url   host: null,
91 verbose parsed url   port: null,
91 verbose parsed url   hostname: null,
91 verbose parsed url   hash: null,
91 verbose parsed url   search: null,
91 verbose parsed url   query: null,
91 verbose parsed url   pathname: '^2.2.14',
91 verbose parsed url   path: '^2.2.14',
91 verbose parsed url   href: '^2.2.14' }
92 verbose addNamed [ 'gulp-util', '^2.2.14' ]
93 verbose addNamed [ null, '>=2.2.14-0 <3.0.0-0' ]
94 silly lockFile e3e5f16b-gulp-util-2-2-14 gulp-util@^2.2.14
95 verbose lock gulp-util@^2.2.14 /Users/antoinelefebvre/.npm/e3e5f16b-gulp-util-2-2-14.lock
96 verbose cache add name="shelljs" spec="^0.3.0" args=["shelljs","^0.3.0"]
97 verbose parsed url { protocol: null,
97 verbose parsed url   slashes: null,
97 verbose parsed url   auth: null,
97 verbose parsed url   host: null,
97 verbose parsed url   port: null,
97 verbose parsed url   hostname: null,
97 verbose parsed url   hash: null,
97 verbose parsed url   search: null,
97 verbose parsed url   query: null,
97 verbose parsed url   pathname: '^0.3.0',
97 verbose parsed url   path: '^0.3.0',
97 verbose parsed url   href: '^0.3.0' }
98 verbose addNamed [ 'shelljs', '^0.3.0' ]
99 verbose addNamed [ null, '>=0.3.0-0 <0.4.0-0' ]
100 silly lockFile 1ddaa962-shelljs-0-3-0 shelljs@^0.3.0
101 verbose lock shelljs@^0.3.0 /Users/antoinelefebvre/.npm/1ddaa962-shelljs-0-3-0.lock
102 verbose request where is /gulp-concat
103 verbose request registry https://registry.npmjs.org/
104 verbose url raw /gulp-concat
105 verbose url resolving [ 'https://registry.npmjs.org/', './gulp-concat' ]
106 verbose url resolved https://registry.npmjs.org/gulp-concat
107 verbose request where is https://registry.npmjs.org/gulp-concat
108 info trying registry request attempt 1 at 17:20:56
109 http GET https://registry.npmjs.org/gulp-concat
110 silly addNameRange { name: 'gulp-rename',
110 silly addNameRange   range: '>=1.2.0-0 <2.0.0-0',
110 silly addNameRange   hasData: false }
111 verbose request where is /gulp-minify-css
112 verbose request registry https://registry.npmjs.org/
113 verbose url raw /gulp-minify-css
114 verbose url resolving [ 'https://registry.npmjs.org/', './gulp-minify-css' ]
115 verbose url resolved https://registry.npmjs.org/gulp-minify-css
116 verbose request where is https://registry.npmjs.org/gulp-minify-css
117 info trying registry request attempt 1 at 17:20:56
118 http GET https://registry.npmjs.org/gulp-minify-css
119 silly addNameRange { name: 'bower', range: '>=1.3.3-0 <2.0.0-0', hasData: false }
120 verbose request where is /gulp-rename
121 verbose request registry https://registry.npmjs.org/
122 verbose url raw /gulp-rename
123 verbose url resolving [ 'https://registry.npmjs.org/', './gulp-rename' ]
124 verbose url resolved https://registry.npmjs.org/gulp-rename
125 verbose request where is https://registry.npmjs.org/gulp-rename
126 info trying registry request attempt 1 at 17:20:56
127 http GET https://registry.npmjs.org/gulp-rename
128 silly addNameRange { name: 'gulp-util',
128 silly addNameRange   range: '>=2.2.14-0 <3.0.0-0',
128 silly addNameRange   hasData: false }
129 silly addNameRange { name: 'shelljs', range: '>=0.3.0-0 <0.4.0-0', hasData: false }
130 verbose request where is /gulp-util
131 verbose request registry https://registry.npmjs.org/
132 verbose url raw /gulp-util
133 verbose url resolving [ 'https://registry.npmjs.org/', './gulp-util' ]
134 verbose url resolved https://registry.npmjs.org/gulp-util
135 verbose request where is https://registry.npmjs.org/gulp-util
136 info trying registry request attempt 1 at 17:20:56
137 http GET https://registry.npmjs.org/gulp-util
138 verbose request where is /shelljs
139 verbose request registry https://registry.npmjs.org/
140 verbose url raw /shelljs
141 verbose url resolving [ 'https://registry.npmjs.org/', './shelljs' ]
142 verbose url resolved https://registry.npmjs.org/shelljs
143 verbose request where is https://registry.npmjs.org/shelljs
144 info trying registry request attempt 1 at 17:20:56
145 verbose etag "7XZ2B0463VDFKR1CVZZOV9ENE"
146 http GET https://registry.npmjs.org/shelljs
147 verbose request where is /bower
148 verbose request registry https://registry.npmjs.org/
149 verbose url raw /bower
150 verbose url resolving [ 'https://registry.npmjs.org/', './bower' ]
151 verbose url resolved https://registry.npmjs.org/bower
152 verbose request where is https://registry.npmjs.org/bower
153 info trying registry request attempt 1 at 17:20:56
154 verbose etag "2EL3XI6VJKT2JCSE1E7QDICUX"
155 http GET https://registry.npmjs.org/bower
156 http 200 https://registry.npmjs.org/gulp-concat
157 silly registry.get cb [ 200,
157 silly registry.get   { date: 'Sun, 01 Feb 2015 01:20:56 GMT',
157 silly registry.get     server: 'CouchDB/1.5.0 (Erlang OTP/R16B03)',
157 silly registry.get     etag: '"9HU90HMVIP9Q0J3VDD61QP3LV"',
157 silly registry.get     'content-type': 'application/json',
157 silly registry.get     'cache-control': 'max-age=60',
157 silly registry.get     'content-length': '30433',
157 silly registry.get     'accept-ranges': 'bytes',
157 silly registry.get     via: '1.1 varnish',
157 silly registry.get     age: '43',
157 silly registry.get     'x-served-by': 'cache-lax1421-LAX',
157 silly registry.get     'x-cache': 'HIT',
157 silly registry.get     'x-cache-hits': '1',
157 silly registry.get     'x-timer': 'S1422753656.372440,VS0,VE0',
157 silly registry.get     vary: 'Accept',
157 silly registry.get     'keep-alive': 'timeout=10, max=50',
157 silly registry.get     connection: 'Keep-Alive' } ]
158 silly addNameRange number 2 { name: 'gulp-concat',
158 silly addNameRange   range: '>=2.2.0-0 <3.0.0-0',
158 silly addNameRange   hasData: true }
159 silly addNameRange versions [ 'gulp-concat',
159 silly addNameRange   [ '0.0.1',
159 silly addNameRange     '1.0.0',
159 silly addNameRange     '1.1.0',
159 silly addNameRange     '2.0.0',
159 silly addNameRange     '2.1.0',
159 silly addNameRange     '2.1.1',
159 silly addNameRange     '2.1.2',
159 silly addNameRange     '2.1.3',
159 silly addNameRange     '2.1.4',
159 silly addNameRange     '2.1.5',
159 silly addNameRange     '2.1.6',
159 silly addNameRange     '2.1.7',
159 silly addNameRange     '2.2.0',
159 silly addNameRange     '2.3.0',
159 silly addNameRange     '2.3.3',
159 silly addNameRange     '2.3.4',
159 silly addNameRange     '2.3.5',
159 silly addNameRange     '2.4.0',
159 silly addNameRange     '2.4.1',
159 silly addNameRange     '2.4.2',
159 silly addNameRange     '2.4.3' ] ]
160 verbose addNamed [ 'gulp-concat', '2.4.3' ]
161 verbose addNamed [ '2.4.3', '2.4.3' ]
162 silly lockFile 07935a45-gulp-concat-2-4-3 gulp-concat@2.4.3
163 verbose lock gulp-concat@2.4.3 /Users/antoinelefebvre/.npm/07935a45-gulp-concat-2-4-3.lock
164 silly lockFile ed610d0c-ulp-concat-gulp-concat-2-4-3-tgz https://registry.npmjs.org/gulp-concat/-/gulp-concat-2.4.3.tgz
165 verbose lock https://registry.npmjs.org/gulp-concat/-/gulp-concat-2.4.3.tgz /Users/antoinelefebvre/.npm/ed610d0c-ulp-concat-gulp-concat-2-4-3-tgz.lock
166 verbose addRemoteTarball [ 'https://registry.npmjs.org/gulp-concat/-/gulp-concat-2.4.3.tgz',
166 verbose addRemoteTarball   'dd913c3773b02f9dfb3f70e30215dc07a5cf32f7' ]
167 info retry fetch attempt 1 at 17:20:56
168 verbose fetch to= /var/folders/1n/clqm9m_x51n4vryj1wz761_r0000gn/T/npm-2248--DDIUyQl/registry.npmjs.org/gulp-concat/-/gulp-concat-2.4.3.tgz
169 http GET https://registry.npmjs.org/gulp-concat/-/gulp-concat-2.4.3.tgz
170 http 200 https://registry.npmjs.org/gulp-rename
171 silly registry.get cb [ 200,
171 silly registry.get   { date: 'Sun, 01 Feb 2015 01:20:56 GMT',
171 silly registry.get     server: 'CouchDB/1.6.1 (Erlang OTP/R14B04)',
171 silly registry.get     etag: '"7VAXU9J07FTO44OQG5CEOYFI8"',
171 silly registry.get     'content-type': 'application/json',
171 silly registry.get     'cache-control': 'max-age=60',
171 silly registry.get     'content-length': '10036',
171 silly registry.get     'accept-ranges': 'bytes',
171 silly registry.get     via: '1.1 varnish',
171 silly registry.get     age: '0',
171 silly registry.get     'x-served-by': 'cache-lax1421-LAX',
171 silly registry.get     'x-cache': 'HIT',
171 silly registry.get     'x-cache-hits': '1',
171 silly registry.get     'x-timer': 'S1422753656.415369,VS0,VE78',
171 silly registry.get     vary: 'Accept',
171 silly registry.get     'keep-alive': 'timeout=10, max=50',
171 silly registry.get     connection: 'Keep-Alive' } ]
172 silly addNameRange number 2 { name: 'gulp-rename',
172 silly addNameRange   range: '>=1.2.0-0 <2.0.0-0',
172 silly addNameRange   hasData: true }
173 silly addNameRange versions [ 'gulp-rename',
173 silly addNameRange   [ '0.1.0', '0.2.1', '0.2.2', '1.0.0', '1.1.0', '1.2.0' ] ]
174 verbose addNamed [ 'gulp-rename', '1.2.0' ]
175 verbose addNamed [ '1.2.0', '1.2.0' ]
176 silly lockFile 5981c611-gulp-rename-1-2-0 gulp-rename@1.2.0
177 verbose lock gulp-rename@1.2.0 /Users/antoinelefebvre/.npm/5981c611-gulp-rename-1-2-0.lock
178 silly lockFile b4be9a05-ulp-rename-gulp-rename-1-2-0-tgz https://registry.npmjs.org/gulp-rename/-/gulp-rename-1.2.0.tgz
179 verbose lock https://registry.npmjs.org/gulp-rename/-/gulp-rename-1.2.0.tgz /Users/antoinelefebvre/.npm/b4be9a05-ulp-rename-gulp-rename-1-2-0-tgz.lock
180 verbose addRemoteTarball [ 'https://registry.npmjs.org/gulp-rename/-/gulp-rename-1.2.0.tgz',
180 verbose addRemoteTarball   '060394a09b085cf5d46fc48acdc5657f8fee9e4e' ]
181 info retry fetch attempt 1 at 17:20:56
182 verbose fetch to= /var/folders/1n/clqm9m_x51n4vryj1wz761_r0000gn/T/npm-2248--DDIUyQl/registry.npmjs.org/gulp-rename/-/gulp-rename-1.2.0.tgz
183 http GET https://registry.npmjs.org/gulp-rename/-/gulp-rename-1.2.0.tgz
184 http 200 https://registry.npmjs.org/gulp-concat/-/gulp-concat-2.4.3.tgz
185 silly lockFile ed610d0c-ulp-concat-gulp-concat-2-4-3-tgz https://registry.npmjs.org/gulp-concat/-/gulp-concat-2.4.3.tgz
186 silly lockFile ed610d0c-ulp-concat-gulp-concat-2-4-3-tgz https://registry.npmjs.org/gulp-concat/-/gulp-concat-2.4.3.tgz
187 silly lockFile 07935a45-gulp-concat-2-4-3 gulp-concat@2.4.3
188 silly lockFile 07935a45-gulp-concat-2-4-3 gulp-concat@2.4.3
189 silly lockFile bade1119-gulp-concat-2-2-0 gulp-concat@^2.2.0
190 silly lockFile bade1119-gulp-concat-2-2-0 gulp-concat@^2.2.0
191 http 200 https://registry.npmjs.org/gulp-sass
192 silly registry.get cb [ 200,
192 silly registry.get   { date: 'Sun, 01 Feb 2015 01:20:56 GMT',
192 silly registry.get     server: 'CouchDB/1.5.0 (Erlang OTP/R16B03)',
192 silly registry.get     etag: '"CTSJHVB87ZNY40EYP40I3MUX8"',
192 silly registry.get     'content-type': 'application/json',
192 silly registry.get     'cache-control': 'max-age=60',
192 silly registry.get     'content-length': '30622',
192 silly registry.get     'accept-ranges': 'bytes',
192 silly registry.get     via: '1.1 varnish',
192 silly registry.get     age: '0',
192 silly registry.get     'x-served-by': 'cache-lax1425-LAX',
192 silly registry.get     'x-cache': 'HIT',
192 silly registry.get     'x-cache-hits': '1',
192 silly registry.get     'x-timer': 'S1422753656.387403,VS0,VE178',
192 silly registry.get     vary: 'Accept',
192 silly registry.get     'keep-alive': 'timeout=10, max=50',
192 silly registry.get     connection: 'Keep-Alive' } ]
193 silly addNameRange number 2 { name: 'gulp-sass', range: '>=0.7.1-0 <0.8.0-0', hasData: true }
194 silly addNameRange versions [ 'gulp-sass',
194 silly addNameRange   [ '0.1.0',
194 silly addNameRange     '0.2.1',
194 silly addNameRange     '0.2.2',
194 silly addNameRange     '0.2.3',
194 silly addNameRange     '0.3.0',
194 silly addNameRange     '0.4.0',
194 silly addNameRange     '0.4.1',
194 silly addNameRange     '0.5.0',
194 silly addNameRange     '0.5.1',
194 silly addNameRange     '0.5.2',
194 silly addNameRange     '0.6.0',
194 silly addNameRange     '0.7.0',
194 silly addNameRange     '0.7.1',
194 silly addNameRange     '0.7.2',
194 silly addNameRange     '0.7.3',
194 silly addNameRange     '1.0.0',
194 silly addNameRange     '1.1.0',
194 silly addNameRange     '1.2.0',
194 silly addNameRange     '1.2.1',
194 silly addNameRange     '1.2.2',
194 silly addNameRange     '1.2.3',
194 silly addNameRange     '1.2.4',
194 silly addNameRange     '1.3.0',
194 silly addNameRange     '1.3.1',
194 silly addNameRange     '1.3.2' ] ]
195 verbose addNamed [ 'gulp-sass', '0.7.3' ]
196 verbose addNamed [ '0.7.3', '0.7.3' ]
197 silly lockFile 721f0c96-gulp-sass-0-7-3 gulp-sass@0.7.3
198 verbose lock gulp-sass@0.7.3 /Users/antoinelefebvre/.npm/721f0c96-gulp-sass-0-7-3.lock
199 silly lockFile d66f14f4-rg-gulp-sass-gulp-sass-0-7-3-tgz https://registry.npmjs.org/gulp-sass/-/gulp-sass-0.7.3.tgz
200 verbose lock https://registry.npmjs.org/gulp-sass/-/gulp-sass-0.7.3.tgz /Users/antoinelefebvre/.npm/d66f14f4-rg-gulp-sass-gulp-sass-0-7-3-tgz.lock
201 verbose addRemoteTarball [ 'https://registry.npmjs.org/gulp-sass/-/gulp-sass-0.7.3.tgz',
201 verbose addRemoteTarball   '4bfbb4e4d95a40be8beeebe07e8e477e7f7a2edc' ]
202 info retry fetch attempt 1 at 17:20:56
203 verbose fetch to= /var/folders/1n/clqm9m_x51n4vryj1wz761_r0000gn/T/npm-2248--DDIUyQl/registry.npmjs.org/gulp-sass/-/gulp-sass-0.7.3.tgz
204 http GET https://registry.npmjs.org/gulp-sass/-/gulp-sass-0.7.3.tgz
205 http 200 https://registry.npmjs.org/gulp-util
206 silly registry.get cb [ 200,
206 silly registry.get   { date: 'Sun, 01 Feb 2015 01:20:56 GMT',
206 silly registry.get     server: 'CouchDB/1.5.0 (Erlang OTP/R16B03)',
206 silly registry.get     etag: '"5PB4M5FZLP8U0QQW2G5OL9UW1"',
206 silly registry.get     'content-type': 'application/json',
206 silly registry.get     'cache-control': 'max-age=60',
206 silly registry.get     'content-length': '51629',
206 silly registry.get     'accept-ranges': 'bytes',
206 silly registry.get     via: '1.1 varnish',
206 silly registry.get     age: '0',
206 silly registry.get     'x-served-by': 'cache-lax1421-LAX',
206 silly registry.get     'x-cache': 'HIT',
206 silly registry.get     'x-cache-hits': '1',
206 silly registry.get     'x-timer': 'S1422753656.436673,VS0,VE176',
206 silly registry.get     vary: 'Accept',
206 silly registry.get     'keep-alive': 'timeout=10, max=49',
206 silly registry.get     connection: 'Keep-Alive' } ]
207 http 200 https://registry.npmjs.org/shelljs
208 silly registry.get cb [ 200,
208 silly registry.get   { date: 'Sun, 01 Feb 2015 01:20:56 GMT',
208 silly registry.get     server: 'CouchDB/1.5.0 (Erlang OTP/R16B03)',
208 silly registry.get     etag: '"JVDTNWQ7Y2MX7E887YMRSWA"',
208 silly registry.get     'content-type': 'application/json',
208 silly registry.get     'cache-control': 'max-age=60',
208 silly registry.get     'content-length': '48668',
208 silly registry.get     'accept-ranges': 'bytes',
208 silly registry.get     via: '1.1 varnish',
208 silly registry.get     age: '0',
208 silly registry.get     'x-served-by': 'cache-lax1421-LAX',
208 silly registry.get     'x-cache': 'HIT',
208 silly registry.get     'x-cache-hits': '1',
208 silly registry.get     'x-timer': 'S1422753656.547128,VS0,VE40',
208 silly registry.get     vary: 'Accept',
208 silly registry.get     'keep-alive': 'timeout=10, max=49',
208 silly registry.get     connection: 'Keep-Alive' } ]
209 silly addNameRange number 2 { name: 'gulp-util',
209 silly addNameRange   range: '>=2.2.14-0 <3.0.0-0',
209 silly addNameRange   hasData: true }
210 silly addNameRange versions [ 'gulp-util',
210 silly addNameRange   [ '0.0.1',
210 silly addNameRange     '1.0.0',
210 silly addNameRange     '1.1.0',
210 silly addNameRange     '1.1.1',
210 silly addNameRange     '1.2.0',
210 silly addNameRange     '1.3.0',
210 silly addNameRange     '2.0.0',
210 silly addNameRange     '2.1.1',
210 silly addNameRange     '2.1.2',
210 silly addNameRange     '2.1.3',
210 silly addNameRange     '2.1.4',
210 silly addNameRange     '2.2.0',
210 silly addNameRange     '2.2.1',
210 silly addNameRange     '2.2.2',
210 silly addNameRange     '2.2.3',
210 silly addNameRange     '2.2.5',
210 silly addNameRange     '2.2.6',
210 silly addNameRange     '2.2.7',
210 silly addNameRange     '2.2.8',
210 silly addNameRange     '2.2.9',
210 silly addNameRange     '2.2.10',
210 silly addNameRange     '2.2.11',
210 silly addNameRange     '2.2.12',
210 silly addNameRange     '2.2.13',
210 silly addNameRange     '2.2.14',
210 silly addNameRange     '2.2.15',
210 silly addNameRange     '2.2.16',
210 silly addNameRange     '2.2.17',
210 silly addNameRange     '2.2.18',
210 silly addNameRange     '2.2.19',
210 silly addNameRange     '2.2.20',
210 silly addNameRange     '3.0.0',
210 silly addNameRange     '3.0.1',
210 silly addNameRange     '3.0.2' ] ]
211 verbose addNamed [ 'gulp-util', '2.2.20' ]
212 verbose addNamed [ '2.2.20', '2.2.20' ]
213 silly lockFile 48c194cb-gulp-util-2-2-20 gulp-util@2.2.20
214 verbose lock gulp-util@2.2.20 /Users/antoinelefebvre/.npm/48c194cb-gulp-util-2-2-20.lock
215 silly addNameRange number 2 { name: 'shelljs', range: '>=0.3.0-0 <0.4.0-0', hasData: true }
216 silly addNameRange versions [ 'shelljs',
216 silly addNameRange   [ '0.0.1',
216 silly addNameRange     '0.0.2',
216 silly addNameRange     '0.0.3',
216 silly addNameRange     '0.0.4',
216 silly addNameRange     '0.0.5',
216 silly addNameRange     '0.0.6',
216 silly addNameRange     '0.0.7',
216 silly addNameRange     '0.0.8',
216 silly addNameRange     '0.0.9',
216 silly addNameRange     '0.1.0',
216 silly addNameRange     '0.1.1',
216 silly addNameRange     '0.1.2',
216 silly addNameRange     '0.1.3',
216 silly addNameRange     '0.1.4',
216 silly addNameRange     '0.2.0',
216 silly addNameRange     '0.2.1',
216 silly addNameRange     '0.2.2',
216 silly addNameRange     '0.2.3',
216 silly addNameRange     '0.2.4',
216 silly addNameRange     '0.2.5',
216 silly addNameRange     '0.2.6',
216 silly addNameRange     '0.3.0',
216 silly addNameRange     '0.0.1-alpha1',
216 silly addNameRange     '0.0.2-pre1',
216 silly addNameRange     '0.0.4-pre1',
216 silly addNameRange     '0.0.5-pre1',
216 silly addNameRange     '0.0.5-pre2',
216 silly addNameRange     '0.0.5-pre3',
216 silly addNameRange     '0.0.5-pre4',
216 silly addNameRange     '0.0.6-pre1',
216 silly addNameRange     '0.0.6-pre2' ] ]
217 verbose addNamed [ 'shelljs', '0.3.0' ]
218 verbose addNamed [ '0.3.0', '0.3.0' ]
219 silly lockFile 7d3918b1-shelljs-0-3-0 shelljs@0.3.0
220 verbose lock shelljs@0.3.0 /Users/antoinelefebvre/.npm/7d3918b1-shelljs-0-3-0.lock
221 silly lockFile 34166e88-g-gulp-util-gulp-util-2-2-20-tgz https://registry.npmjs.org/gulp-util/-/gulp-util-2.2.20.tgz
222 verbose lock https://registry.npmjs.org/gulp-util/-/gulp-util-2.2.20.tgz /Users/antoinelefebvre/.npm/34166e88-g-gulp-util-gulp-util-2-2-20-tgz.lock
223 verbose addRemoteTarball [ 'https://registry.npmjs.org/gulp-util/-/gulp-util-2.2.20.tgz',
223 verbose addRemoteTarball   'd7146e5728910bd8f047a6b0b1e549bc22dbd64c' ]
224 info retry fetch attempt 1 at 17:20:56
225 verbose fetch to= /var/folders/1n/clqm9m_x51n4vryj1wz761_r0000gn/T/npm-2248--DDIUyQl/registry.npmjs.org/gulp-util/-/gulp-util-2.2.20.tgz
226 http GET https://registry.npmjs.org/gulp-util/-/gulp-util-2.2.20.tgz
227 silly lockFile 7d3918b1-shelljs-0-3-0 shelljs@0.3.0
228 silly lockFile 7d3918b1-shelljs-0-3-0 shelljs@0.3.0
229 silly lockFile 1ddaa962-shelljs-0-3-0 shelljs@^0.3.0
230 silly lockFile 1ddaa962-shelljs-0-3-0 shelljs@^0.3.0
231 http 200 https://registry.npmjs.org/gulp-rename/-/gulp-rename-1.2.0.tgz
232 silly lockFile b4be9a05-ulp-rename-gulp-rename-1-2-0-tgz https://registry.npmjs.org/gulp-rename/-/gulp-rename-1.2.0.tgz
233 silly lockFile b4be9a05-ulp-rename-gulp-rename-1-2-0-tgz https://registry.npmjs.org/gulp-rename/-/gulp-rename-1.2.0.tgz
234 silly lockFile 5981c611-gulp-rename-1-2-0 gulp-rename@1.2.0
235 silly lockFile 5981c611-gulp-rename-1-2-0 gulp-rename@1.2.0
236 silly lockFile 31cef36d-gulp-rename-1-2-0 gulp-rename@^1.2.0
237 silly lockFile 31cef36d-gulp-rename-1-2-0 gulp-rename@^1.2.0
238 http 200 https://registry.npmjs.org/gulp-minify-css
239 silly registry.get cb [ 200,
239 silly registry.get   { date: 'Sun, 01 Feb 2015 01:20:56 GMT',
239 silly registry.get     server: 'CouchDB/1.5.0 (Erlang OTP/R16B03)',
239 silly registry.get     etag: '"CFL5C4ETWMG30Q0TFS9D0UJ7W"',
239 silly registry.get     'content-type': 'application/json',
239 silly registry.get     'cache-control': 'max-age=60',
239 silly registry.get     'content-length': '32184',
239 silly registry.get     'accept-ranges': 'bytes',
239 silly registry.get     via: '1.1 varnish',
239 silly registry.get     age: '0',
239 silly registry.get     'x-served-by': 'cache-lax1429-LAX',
239 silly registry.get     'x-cache': 'HIT',
239 silly registry.get     'x-cache-hits': '1',
239 silly registry.get     'x-timer': 'S1422753656.373292,VS0,VE309',
239 silly registry.get     vary: 'Accept',
239 silly registry.get     'keep-alive': 'timeout=10, max=50',
239 silly registry.get     connection: 'Keep-Alive' } ]
240 silly addNameRange number 2 { name: 'gulp-minify-css',
240 silly addNameRange   range: '>=0.3.0-0 <0.4.0-0',
240 silly addNameRange   hasData: true }
241 silly addNameRange versions [ 'gulp-minify-css',
241 silly addNameRange   [ '0.0.1',
241 silly addNameRange     '0.1.0',
241 silly addNameRange     '0.2.0',
241 silly addNameRange     '0.3.0',
241 silly addNameRange     '0.3.1',
241 silly addNameRange     '0.3.2',
241 silly addNameRange     '0.3.3',
241 silly addNameRange     '0.3.4',
241 silly addNameRange     '0.3.5',
241 silly addNameRange     '0.3.6',
241 silly addNameRange     '0.3.7',
241 silly addNameRange     '0.3.8',
241 silly addNameRange     '0.3.9',
241 silly addNameRange     '0.3.10',
241 silly addNameRange     '0.3.11',
241 silly addNameRange     '0.3.12',
241 silly addNameRange     '0.3.13',
241 silly addNameRange     '0.4.0',
241 silly addNameRange     '0.4.1',
241 silly addNameRange     '0.4.2',
241 silly addNameRange     '0.4.3' ] ]
242 verbose addNamed [ 'gulp-minify-css', '0.3.13' ]
243 verbose addNamed [ '0.3.13', '0.3.13' ]
244 silly lockFile 9038a954-gulp-minify-css-0-3-13 gulp-minify-css@0.3.13
245 verbose lock gulp-minify-css@0.3.13 /Users/antoinelefebvre/.npm/9038a954-gulp-minify-css-0-3-13.lock
246 silly lockFile 8781e9f5-y-css-gulp-minify-css-0-3-13-tgz https://registry.npmjs.org/gulp-minify-css/-/gulp-minify-css-0.3.13.tgz
247 verbose lock https://registry.npmjs.org/gulp-minify-css/-/gulp-minify-css-0.3.13.tgz /Users/antoinelefebvre/.npm/8781e9f5-y-css-gulp-minify-css-0-3-13-tgz.lock
248 verbose addRemoteTarball [ 'https://registry.npmjs.org/gulp-minify-css/-/gulp-minify-css-0.3.13.tgz',
248 verbose addRemoteTarball   'ba813c665422868305383ccd185f239c1e35209b' ]
249 info retry fetch attempt 1 at 17:20:56
250 verbose fetch to= /var/folders/1n/clqm9m_x51n4vryj1wz761_r0000gn/T/npm-2248--DDIUyQl/registry.npmjs.org/gulp-minify-css/-/gulp-minify-css-0.3.13.tgz
251 http GET https://registry.npmjs.org/gulp-minify-css/-/gulp-minify-css-0.3.13.tgz
252 http 200 https://registry.npmjs.org/gulp
253 silly registry.get cb [ 200,
253 silly registry.get   { date: 'Sun, 01 Feb 2015 01:20:56 GMT',
253 silly registry.get     server: 'CouchDB/1.5.0 (Erlang OTP/R16B03)',
253 silly registry.get     etag: '"ERMYKFGMKMUF6LKYRCW8W8TLE"',
253 silly registry.get     'content-type': 'application/json',
253 silly registry.get     'cache-control': 'max-age=60',
253 silly registry.get     'content-length': '97306',
253 silly registry.get     'accept-ranges': 'bytes',
253 silly registry.get     via: '1.1 varnish',
253 silly registry.get     age: '0',
253 silly registry.get     'x-served-by': 'cache-lax1431-LAX',
253 silly registry.get     'x-cache': 'HIT',
253 silly registry.get     'x-cache-hits': '1',
253 silly registry.get     'x-timer': 'S1422753656.386416,VS0,VE173',
253 silly registry.get     vary: 'Accept',
253 silly registry.get     'keep-alive': 'timeout=10, max=50',
253 silly registry.get     connection: 'Keep-Alive' } ]
254 silly addNameRange number 2 { name: 'gulp', range: '>=3.5.6-0 <4.0.0-0', hasData: true }
255 silly addNameRange versions [ 'gulp',
255 silly addNameRange   [ '0.0.1',
255 silly addNameRange     '0.0.2',
255 silly addNameRange     '0.0.3',
255 silly addNameRange     '0.0.4',
255 silly addNameRange     '0.0.5',
255 silly addNameRange     '0.0.7',
255 silly addNameRange     '0.0.8',
255 silly addNameRange     '0.0.9',
255 silly addNameRange     '0.1.0',
255 silly addNameRange     '0.2.0',
255 silly addNameRange     '1.0.0',
255 silly addNameRange     '1.1.0',
255 silly addNameRange     '1.2.0',
255 silly addNameRange     '1.2.1',
255 silly addNameRange     '2.0.0',
255 silly addNameRange     '2.0.1',
255 silly addNameRange     '2.1.0',
255 silly addNameRange     '2.2.0',
255 silly addNameRange     '2.3.0',
255 silly addNameRange     '2.4.0',
255 silly addNameRange     '2.4.1',
255 silly addNameRange     '2.6.0',
255 silly addNameRange     '2.6.1',
255 silly addNameRange     '2.7.0',
255 silly addNameRange     '3.0.0',
255 silly addNameRange     '3.1.1',
255 silly addNameRange     '3.1.2',
255 silly addNameRange     '3.1.3',
255 silly addNameRange     '3.1.4',
255 silly addNameRange     '3.2.0',
255 silly addNameRange     '3.2.1',
255 silly addNameRange     '3.2.2',
255 silly addNameRange     '3.2.3',
255 silly addNameRange     '3.2.4',
255 silly addNameRange     '3.2.5',
255 silly addNameRange     '3.3.0',
255 silly addNameRange     '3.3.1',
255 silly addNameRange     '3.3.2',
255 silly addNameRange     '3.3.4',
255 silly addNameRange     '3.4.0',
255 silly addNameRange     '3.5.0',
255 silly addNameRange     '3.5.1',
255 silly addNameRange     '3.5.2',
255 silly addNameRange     '3.5.5',
255 silly addNameRange     '3.5.6',
255 silly addNameRange     '3.6.0',
255 silly addNameRange     '3.6.1',
255 silly addNameRange     '3.6.2',
255 silly addNameRange     '3.7.0',
255 silly addNameRange     '3.8.0',
255 silly addNameRange     '3.8.1',
255 silly addNameRange     '3.8.2',
255 silly addNameRange     '3.8.3',
255 silly addNameRange     '3.8.4',
255 silly addNameRange     '3.8.5',
255 silly addNameRange     '3.8.6',
255 silly addNameRange     '3.8.7',
255 silly addNameRange     '3.8.8',
255 silly addNameRange     '3.8.9',
255 silly addNameRange     '3.8.10' ] ]
256 verbose addNamed [ 'gulp', '3.8.10' ]
257 verbose addNamed [ '3.8.10', '3.8.10' ]
258 silly lockFile f843d0d7-gulp-3-8-10 gulp@3.8.10
259 verbose lock gulp@3.8.10 /Users/antoinelefebvre/.npm/f843d0d7-gulp-3-8-10.lock
260 silly lockFile b3287162-y-npmjs-org-gulp-gulp-3-8-10-tgz https://registry.npmjs.org/gulp/-/gulp-3.8.10.tgz
261 verbose lock https://registry.npmjs.org/gulp/-/gulp-3.8.10.tgz /Users/antoinelefebvre/.npm/b3287162-y-npmjs-org-gulp-gulp-3-8-10-tgz.lock
262 verbose addRemoteTarball [ 'https://registry.npmjs.org/gulp/-/gulp-3.8.10.tgz',
262 verbose addRemoteTarball   'bfb8fc156be97820f02a7f8b3af61a86666f9e31' ]
263 info retry fetch attempt 1 at 17:20:56
264 verbose fetch to= /var/folders/1n/clqm9m_x51n4vryj1wz761_r0000gn/T/npm-2248--DDIUyQl/registry.npmjs.org/gulp/-/gulp-3.8.10.tgz
265 http GET https://registry.npmjs.org/gulp/-/gulp-3.8.10.tgz
266 http 200 https://registry.npmjs.org/gulp-sass/-/gulp-sass-0.7.3.tgz
267 silly lockFile d66f14f4-rg-gulp-sass-gulp-sass-0-7-3-tgz https://registry.npmjs.org/gulp-sass/-/gulp-sass-0.7.3.tgz
268 silly lockFile d66f14f4-rg-gulp-sass-gulp-sass-0-7-3-tgz https://registry.npmjs.org/gulp-sass/-/gulp-sass-0.7.3.tgz
269 silly lockFile 721f0c96-gulp-sass-0-7-3 gulp-sass@0.7.3
270 silly lockFile 721f0c96-gulp-sass-0-7-3 gulp-sass@0.7.3
271 silly lockFile 77100620-gulp-sass-0-7-1 gulp-sass@^0.7.1
272 silly lockFile 77100620-gulp-sass-0-7-1 gulp-sass@^0.7.1
273 http 200 https://registry.npmjs.org/gulp-util/-/gulp-util-2.2.20.tgz
274 http 200 https://registry.npmjs.org/gulp-minify-css/-/gulp-minify-css-0.3.13.tgz
275 silly lockFile 8781e9f5-y-css-gulp-minify-css-0-3-13-tgz https://registry.npmjs.org/gulp-minify-css/-/gulp-minify-css-0.3.13.tgz
276 silly lockFile 8781e9f5-y-css-gulp-minify-css-0-3-13-tgz https://registry.npmjs.org/gulp-minify-css/-/gulp-minify-css-0.3.13.tgz
277 silly lockFile 9038a954-gulp-minify-css-0-3-13 gulp-minify-css@0.3.13
278 silly lockFile 9038a954-gulp-minify-css-0-3-13 gulp-minify-css@0.3.13
279 silly lockFile 97140670-gulp-minify-css-0-3-0 gulp-minify-css@^0.3.0
280 silly lockFile 97140670-gulp-minify-css-0-3-0 gulp-minify-css@^0.3.0
281 http 200 https://registry.npmjs.org/gulp/-/gulp-3.8.10.tgz
282 silly lockFile b3287162-y-npmjs-org-gulp-gulp-3-8-10-tgz https://registry.npmjs.org/gulp/-/gulp-3.8.10.tgz
283 silly lockFile b3287162-y-npmjs-org-gulp-gulp-3-8-10-tgz https://registry.npmjs.org/gulp/-/gulp-3.8.10.tgz
284 silly lockFile f843d0d7-gulp-3-8-10 gulp@3.8.10
285 silly lockFile f843d0d7-gulp-3-8-10 gulp@3.8.10
286 silly lockFile 28ac0b1b-gulp-3-5-6 gulp@^3.5.6
287 silly lockFile 28ac0b1b-gulp-3-5-6 gulp@^3.5.6
288 silly lockFile 34166e88-g-gulp-util-gulp-util-2-2-20-tgz https://registry.npmjs.org/gulp-util/-/gulp-util-2.2.20.tgz
289 silly lockFile 34166e88-g-gulp-util-gulp-util-2-2-20-tgz https://registry.npmjs.org/gulp-util/-/gulp-util-2.2.20.tgz
290 silly lockFile 48c194cb-gulp-util-2-2-20 gulp-util@2.2.20
291 silly lockFile 48c194cb-gulp-util-2-2-20 gulp-util@2.2.20
292 silly lockFile e3e5f16b-gulp-util-2-2-14 gulp-util@^2.2.14
293 silly lockFile e3e5f16b-gulp-util-2-2-14 gulp-util@^2.2.14
294 http 200 https://registry.npmjs.org/bower
295 silly registry.get cb [ 200,
295 silly registry.get   { date: 'Sun, 01 Feb 2015 01:20:56 GMT',
295 silly registry.get     server: 'CouchDB/1.5.0 (Erlang OTP/R16B03)',
295 silly registry.get     etag: '"4RNWC51OOMVEKH3L663N286TF"',
295 silly registry.get     'content-type': 'application/json',
295 silly registry.get     'cache-control': 'max-age=60',
295 silly registry.get     'content-length': '106255',
295 silly registry.get     'accept-ranges': 'bytes',
295 silly registry.get     via: '1.1 varnish',
295 silly registry.get     age: '0',
295 silly registry.get     'x-served-by': 'cache-lax1425-LAX',
295 silly registry.get     'x-cache': 'HIT',
295 silly registry.get     'x-cache-hits': '1',
295 silly registry.get     'x-timer': 'S1422753656.703488,VS0,VE73',
295 silly registry.get     vary: 'Accept',
295 silly registry.get     'keep-alive': 'timeout=10, max=49',
295 silly registry.get     connection: 'Keep-Alive' } ]
296 silly addNameRange number 2 { name: 'bower', range: '>=1.3.3-0 <2.0.0-0', hasData: true }
297 silly addNameRange versions [ 'bower',
297 silly addNameRange   [ '0.1.0',
297 silly addNameRange     '0.1.2',
297 silly addNameRange     '0.1.3',
297 silly addNameRange     '0.2.0',
297 silly addNameRange     '0.3.0',
297 silly addNameRange     '0.3.1',
297 silly addNameRange     '0.3.2',
297 silly addNameRange     '0.4.0',
297 silly addNameRange     '0.5.0',
297 silly addNameRange     '0.5.1',
297 silly addNameRange     '0.6.0',
297 silly addNameRange     '0.6.1',
297 silly addNameRange     '0.6.2',
297 silly addNameRange     '0.6.3',
297 silly addNameRange     '0.6.4',
297 silly addNameRange     '0.6.5',
297 silly addNameRange     '0.6.6',
297 silly addNameRange     '0.6.7',
297 silly addNameRange     '0.6.8',
297 silly addNameRange     '0.7.0',
297 silly addNameRange     '0.7.1',
297 silly addNameRange     '0.8.0',
297 silly addNameRange     '0.8.1',
297 silly addNameRange     '0.8.2',
297 silly addNameRange     '0.8.3',
297 silly addNameRange     '0.8.4',
297 silly addNameRange     '0.8.5',
297 silly addNameRange     '0.8.6',
297 silly addNameRange     '0.9.0',
297 silly addNameRange     '0.9.1',
297 silly addNameRange     '0.9.2',
297 silly addNameRange     '0.10.0',
297 silly addNameRange     '1.0.0',
297 silly addNameRange     '1.0.1',
297 silly addNameRange     '1.0.2',
297 silly addNameRange     '1.0.3',
297 silly addNameRange     '1.1.0',
297 silly addNameRange     '1.1.1',
297 silly addNameRange     '1.1.2',
297 silly addNameRange     '1.2.0',
297 silly addNameRange     '1.2.1',
297 silly addNameRange     '1.2.2',
297 silly addNameRange     '1.2.3',
297 silly addNameRange     '1.2.4',
297 silly addNameRange     '1.2.5',
297 silly addNameRange     '1.2.6',
297 silly addNameRange     '1.2.7',
297 silly addNameRange     '1.2.8',
297 silly addNameRange     '1.3.0',
297 silly addNameRange     '1.3.1',
297 silly addNameRange     '1.3.2',
297 silly addNameRange     '1.3.3',
297 silly addNameRange     '1.3.4',
297 silly addNameRange     '1.3.5',
297 silly addNameRange     '1.3.6',
297 silly addNameRange     '1.3.7',
297 silly addNameRange     '1.3.8',
297 silly addNameRange     '1.3.9',
297 silly addNameRange     '1.3.10',
297 silly addNameRange     '1.3.11',
297 silly addNameRange     '1.3.12' ] ]
298 verbose addNamed [ 'bower', '1.3.12' ]
299 verbose addNamed [ '1.3.12', '1.3.12' ]
300 silly lockFile 9819431c-bower-1-3-12 bower@1.3.12
301 verbose lock bower@1.3.12 /Users/antoinelefebvre/.npm/9819431c-bower-1-3-12.lock
302 silly lockFile 9819431c-bower-1-3-12 bower@1.3.12
303 silly lockFile 9819431c-bower-1-3-12 bower@1.3.12
304 silly lockFile 0aa5c27e-bower-1-3-3 bower@^1.3.3
305 silly lockFile 0aa5c27e-bower-1-3-3 bower@^1.3.3
306 error Error: EACCES, mkdir '/Users/antoinelefebvre/.npm/gulp/3.8.10'
306 error  { [Error: EACCES, mkdir '/Users/antoinelefebvre/.npm/gulp/3.8.10']
306 error   errno: 3,
306 error   code: 'EACCES',
306 error   path: '/Users/antoinelefebvre/.npm/gulp/3.8.10',
306 error   parent: 'fixit-app' }
307 error Please try running this command again as root/Administrator.
308 error System Darwin 14.1.0
309 error command "node" "/usr/local/bin/npm" "install"
310 error cwd /Users/antoinelefebvre/GitHub/fixit/modules/fixit-app
311 error node -v v0.10.33
312 error npm -v 1.4.28
313 error path /Users/antoinelefebvre/.npm/gulp/3.8.10
314 error code EACCES
315 error errno 3
316 error stack Error: EACCES, mkdir '/Users/antoinelefebvre/.npm/gulp/3.8.10'
317 verbose exit [ 3, true ]
